# JRE version: Java(TM) SE Runtime Environment (23.0+37) (build 23+37-2369)
# Java VM: Java HotSpot(TM) 64-Bit Server VM (23+37-2369, mixed mode, sharing, tiered, compressed oops, compressed class ptrs, g1 gc, windows-amd64)
GC Precious Log:
 CardTable entry size: 512
 Card Set container configuration: InlinePtr #cards 5 size 8 Array Of Cards #cards 10 size 36 Howl #buckets 4 coarsen threshold 1843 Howl Bitmap #cards 512 size 80 coarsen threshold 460 Card regions per heap region 1 cards per card region 2048
 CPUs: 4 total, 4 available
 Memory: 3983M
 Large Page Support: Disabled
 NUMA Support: Disabled
 Compressed Oops: Enabled (32-bit)
 Heap Region Size: 1M
 Heap Min Capacity: 8M
 Heap Initial Capacity: 64M
 Heap Max Capacity: 996M
 Pre-touch: Disabled
 Parallel Workers: 4
 Concurrent Workers: 1
 Concurrent Refinement Workers: 4
 Periodic GC: Disabled
Heap:
 garbage-first heap   total reserved 1019904K, committed 58368K, used 44725K [0x00000000c1c00000, 0x0000000100000000)
  region size 1024K, 21 young (21504K), 3 survivors (3072K)
 Metaspace       used 64505K, committed 65216K, reserved 1114112K
  class space    used 8841K, committed 9152K, reserved 1048576K
GC Heap History (20 events):
Event: 6.840 GC heap before
{Heap before GC invocations=6 (full 0):
 garbage-first heap   total reserved 1019904K, committed 48128K, used 41373K [0x00000000c1c00000, 0x0000000100000000)
  region size 1024K, 28 young (28672K), 1 survivors (1024K)
 Metaspace       used 25739K, committed 26112K, reserved 1114112K
  class space    used 3271K, committed 3456K, reserved 1048576K
}
Event: 6.851 GC heap after
{Heap after GC invocations=7 (full 0):
 garbage-first heap   total reserved 1019904K, committed 48128K, used 16073K [0x00000000c1c00000, 0x0000000100000000)
  region size 1024K, 4 young (4096K), 4 survivors (4096K)
 Metaspace       used 25739K, committed 26112K, reserved 1114112K
  class space    used 3271K, committed 3456K, reserved 1048576K
}
Event: 8.093 GC heap before
{Heap before GC invocations=7 (full 0):
 garbage-first heap   total reserved 1019904K, committed 48128K, used 35529K [0x00000000c1c00000, 0x0000000100000000)
  region size 1024K, 24 young (24576K), 4 survivors (4096K)
 Metaspace       used 29557K, committed 30016K, reserved 1114112K
  class space    used 3777K, committed 3968K, reserved 1048576K
}
Event: 8.102 GC heap after
{Heap after GC invocations=8 (full 0):
 garbage-first heap   total reserved 1019904K, committed 48128K, used 18046K [0x00000000c1c00000, 0x0000000100000000)
  region size 1024K, 2 young (2048K), 2 survivors (2048K)
 Metaspace       used 29557K, committed 30016K, reserved 1114112K
  class space    used 3777K, committed 3968K, reserved 1048576K
}
Event: 8.915 GC heap before
{Heap before GC invocations=8 (full 0):
 garbage-first heap   total reserved 1019904K, committed 48128K, used 37502K [0x00000000c1c00000, 0x0000000100000000)
  region size 1024K, 21 young (21504K), 2 survivors (2048K)
 Metaspace       used 33832K, committed 34368K, reserved 1114112K
  class space    used 4397K, committed 4672K, reserved 1048576K
}
Event: 8.921 GC heap after
{Heap after GC invocations=9 (full 0):
 garbage-first heap   total reserved 1019904K, committed 48128K, used 19315K [0x00000000c1c00000, 0x0000000100000000)
  region size 1024K, 2 young (2048K), 2 survivors (2048K)
 Metaspace       used 33832K, committed 34368K, reserved 1114112K
  class space    used 4397K, committed 4672K, reserved 1048576K
}
Event: 9.221 GC heap before
{Heap before GC invocations=9 (full 0):
 garbage-first heap   total reserved 1019904K, committed 48128K, used 24435K [0x00000000c1c00000, 0x0000000100000000)
  region size 1024K, 9 young (9216K), 2 survivors (2048K)
 Metaspace       used 35639K, committed 36160K, reserved 1114112K
  class space    used 4705K, committed 4928K, reserved 1048576K
}
Event: 9.225 GC heap after
{Heap after GC invocations=10 (full 0):
 garbage-first heap   total reserved 1019904K, committed 48128K, used 19566K [0x00000000c1c00000, 0x0000000100000000)
  region size 1024K, 2 young (2048K), 2 survivors (2048K)
 Metaspace       used 35639K, committed 36160K, reserved 1114112K
  class space    used 4705K, committed 4928K, reserved 1048576K
}
Event: 10.696 GC heap before
{Heap before GC invocations=11 (full 0):
 garbage-first heap   total reserved 1019904K, committed 48128K, used 37998K [0x00000000c1c00000, 0x0000000100000000)
  region size 1024K, 21 young (21504K), 2 survivors (2048K)
 Metaspace       used 44595K, committed 45184K, reserved 1114112K
  class space    used 5887K, committed 6144K, reserved 1048576K
}
Event: 10.703 GC heap after
{Heap after GC invocations=12 (full 0):
 garbage-first heap   total reserved 1019904K, committed 48128K, used 21622K [0x00000000c1c00000, 0x0000000100000000)
  region size 1024K, 3 young (3072K), 3 survivors (3072K)
 Metaspace       used 44595K, committed 45184K, reserved 1114112K
  class space    used 5887K, committed 6144K, reserved 1048576K
}
Event: 11.490 GC heap before
{Heap before GC invocations=12 (full 0):
 garbage-first heap   total reserved 1019904K, committed 48128K, used 40054K [0x00000000c1c00000, 0x0000000100000000)
  region size 1024K, 22 young (22528K), 3 survivors (3072K)
 Metaspace       used 49185K, committed 49728K, reserved 1114112K
  class space    used 6478K, committed 6720K, reserved 1048576K
}
Event: 11.497 GC heap after
{Heap after GC invocations=13 (full 0):
 garbage-first heap   total reserved 1019904K, committed 48128K, used 23181K [0x00000000c1c00000, 0x0000000100000000)
  region size 1024K, 2 young (2048K), 2 survivors (2048K)
 Metaspace       used 49185K, committed 49728K, reserved 1114112K
  class space    used 6478K, committed 6720K, reserved 1048576K
}
Event: 12.304 GC heap before
{Heap before GC invocations=13 (full 0):
 garbage-first heap   total reserved 1019904K, committed 48128K, used 41613K [0x00000000c1c00000, 0x0000000100000000)
  region size 1024K, 20 young (20480K), 2 survivors (2048K)
 Metaspace       used 55452K, committed 56000K, reserved 1114112K
  class space    used 7506K, committed 7744K, reserved 1048576K
}
Event: 12.310 GC heap after
{Heap after GC invocations=14 (full 0):
 garbage-first heap   total reserved 1019904K, committed 48128K, used 24053K [0x00000000c1c00000, 0x0000000100000000)
  region size 1024K, 3 young (3072K), 3 survivors (3072K)
 Metaspace       used 55452K, committed 56000K, reserved 1114112K
  class space    used 7506K, committed 7744K, reserved 1048576K
}
Event: 13.137 GC heap before
{Heap before GC invocations=14 (full 0):
 garbage-first heap   total reserved 1019904K, committed 48128K, used 40437K [0x00000000c1c00000, 0x0000000100000000)
  region size 1024K, 20 young (20480K), 3 survivors (3072K)
 Metaspace       used 59586K, committed 60160K, reserved 1114112K
  class space    used 8086K, committed 8320K, reserved 1048576K
}
Event: 13.144 GC heap after
{Heap after GC invocations=15 (full 0):
 garbage-first heap   total reserved 1019904K, committed 48128K, used 25406K [0x00000000c1c00000, 0x0000000100000000)
  region size 1024K, 3 young (3072K), 3 survivors (3072K)
 Metaspace       used 59586K, committed 60160K, reserved 1114112K
  class space    used 8086K, committed 8320K, reserved 1048576K
}
Event: 13.231 GC heap before
{Heap before GC invocations=15 (full 0):
 garbage-first heap   total reserved 1019904K, committed 48128K, used 26430K [0x00000000c1c00000, 0x0000000100000000)
  region size 1024K, 5 young (5120K), 3 survivors (3072K)
 Metaspace       used 60053K, committed 60608K, reserved 1114112K
  class space    used 8134K, committed 8384K, reserved 1048576K
}
Event: 13.236 GC heap after
{Heap after GC invocations=16 (full 0):
 garbage-first heap   total reserved 1019904K, committed 48128K, used 25671K [0x00000000c1c00000, 0x0000000100000000)
  region size 1024K, 2 young (2048K), 2 survivors (2048K)
 Metaspace       used 60053K, committed 60608K, reserved 1114112K
  class space    used 8134K, committed 8384K, reserved 1048576K
}
Event: 13.926 GC heap before
{Heap before GC invocations=17 (full 0):
 garbage-first heap   total reserved 1019904K, committed 48128K, used 42055K [0x00000000c1c00000, 0x0000000100000000)
  region size 1024K, 18 young (18432K), 2 survivors (2048K)
 Metaspace       used 62462K, committed 63104K, reserved 1114112K
  class space    used 8547K, committed 8832K, reserved 1048576K
}
Event: 13.935 GC heap after
{Heap after GC invocations=18 (full 0):
 garbage-first heap   total reserved 1019904K, committed 58368K, used 27317K [0x00000000c1c00000, 0x0000000100000000)
  region size 1024K, 3 young (3072K), 3 survivors (3072K)
 Metaspace       used 62462K, committed 63104K, reserved 1114112K
  class space    used 8547K, committed 8832K, reserved 1048576K
}

